
**** Build of configuration Nios II for project Ascensor ****

make all 
Info: Building ../Ascensor_bsp/
make --no-print-directory -C ../Ascensor_bsp/
[BSP build complete]
Info: Compiling hello_ucosii.c to obj/default/hello_ucosii.o
nios2-elf-gcc -xc -MP -MMD -c -I../Ascensor_bsp//UCOSII/inc -I../Ascensor_bsp//HAL/inc -I../Ascensor_bsp/ -I../Ascensor_bsp//drivers/inc  -DSYSTEM_BUS_WIDTH=32 -pipe -D__hal__ -DALT_NO_INSTRUCTION_EMULATION -D__ucosii__    -O0 -g -Wall   -EL -mno-hw-div -mhw-mul -mno-hw-mulx  -o obj/default/hello_ucosii.o hello_ucosii.c
hello_ucosii.c: In function 'control':
hello_ucosii.c:106: warning: assignment makes integer from pointer without a cast
hello_ucosii.c:107: warning: assignment makes integer from pointer without a cast
hello_ucosii.c: In function 'cabina':
hello_ucosii.c:200: warning: assignment makes integer from pointer without a cast
hello_ucosii.c: In function 'moduloseguridad':
hello_ucosii.c:249: warning: assignment makes integer from pointer without a cast
hello_ucosii.c:250: warning: assignment makes integer from pointer without a cast
hello_ucosii.c:251: warning: assignment makes integer from pointer without a cast
hello_ucosii.c:252: warning: assignment makes integer from pointer without a cast
hello_ucosii.c:253: warning: assignment makes integer from pointer without a cast
hello_ucosii.c: In function 'visualizacion':
hello_ucosii.c:315: warning: assignment makes integer from pointer without a cast
hello_ucosii.c:316: warning: assignment makes integer from pointer without a cast
hello_ucosii.c:317: warning: assignment makes integer from pointer without a cast
Info: Linking Ascensor.elf
nios2-elf-g++  -T'../Ascensor_bsp//linker.x' -msys-crt0='../Ascensor_bsp//obj/HAL/src/crt0.o' -msys-lib=ucosii_bsp -L../Ascensor_bsp/   -Wl,-Map=Ascensor.map   -O0 -g -Wall   -EL -mno-hw-div -mhw-mul -mno-hw-mulx  -o Ascensor.elf obj/default/hello_ucosii.o -lm 
nios2-elf-insert Ascensor.elf --thread_model ucosii --cpu_name cpu --qsys true --simulation_enabled false --id 0 --sidp 0x10002020 --timestamp 1434116220 --stderr_dev jtag_uart --stdin_dev jtag_uart --stdout_dev jtag_uart --sopc_system_name ejer2 --quartus_project_dir "D:/SID/Trabajo" --sopcinfo D:/SID/Trabajo/ejer2.sopcinfo
Info: (Ascensor.elf) 194 KBytes program size (code + initialized data).
Info:                130870 KBytes free for stack + heap.
Info: Creating Ascensor.objdump
nios2-elf-objdump --disassemble --syms --all-header --source Ascensor.elf >Ascensor.objdump
[Ascensor build complete]

**** Build Finished ****
